<?xml version="1.0" encoding="UTF-8"?>
<testsuite name="com.dws.challenge.AccountsControllerTest" tests="8" skipped="0" failures="0" errors="0" timestamp="2024-04-26T05:38:01" hostname="LAPTOP-7U3D6BOS" time="3.641">
  <properties/>
  <testcase name="createDuplicateAccount()" classname="com.dws.challenge.AccountsControllerTest" time="3.41"/>
  <testcase name="getAccount()" classname="com.dws.challenge.AccountsControllerTest" time="0.049"/>
  <testcase name="createAccountNegativeBalance()" classname="com.dws.challenge.AccountsControllerTest" time="0.024"/>
  <testcase name="createAccountEmptyAccountId()" classname="com.dws.challenge.AccountsControllerTest" time="0.021"/>
  <testcase name="createAccountNoBody()" classname="com.dws.challenge.AccountsControllerTest" time="0.007"/>
  <testcase name="createAccount()" classname="com.dws.challenge.AccountsControllerTest" time="0.103"/>
  <testcase name="createAccountNoAccountId()" classname="com.dws.challenge.AccountsControllerTest" time="0.006"/>
  <testcase name="createAccountNoBalance()" classname="com.dws.challenge.AccountsControllerTest" time="0.007"/>
  <system-out><![CDATA[11:07:56.302 [Test worker] INFO org.springframework.test.context.support.AnnotationConfigContextLoaderUtils -- Could not detect default configuration classes for test class [com.dws.challenge.AccountsControllerTest]: AccountsControllerTest does not declare any static, non-private, non-final, nested classes annotated with @Configuration.
11:07:56.515 [Test worker] INFO org.springframework.boot.test.context.SpringBootTestContextBootstrapper -- Found @SpringBootConfiguration com.dws.challenge.ChallengeApplication for test class com.dws.challenge.AccountsControllerTest

  .   ____          _            __ _ _
 /\\ / ___'_ __ _ _(_)_ __  __ _ \ \ \ \
( ( )\___ | '_ | '_| | '_ \/ _` | \ \ \ \
 \\/  ___)| |_)| | | | | || (_| |  ) ) ) )
  '  |____| .__|_| |_|_| |_\__, | / / / /
 =========|_|==============|___/=/_/_/_/
 :: Spring Boot ::                (v3.2.5)

2024-04-26T11:07:57.483+05:30  INFO 16748 --- [challenge] [    Test worker] c.dws.challenge.AccountsControllerTest   : Starting AccountsControllerTest using Java 17.0.2 with PID 16748 (started by patid in C:\Users\patid\Desktop\Pooja\challenge\challenge)
2024-04-26T11:07:57.486+05:30  INFO 16748 --- [challenge] [    Test worker] c.dws.challenge.AccountsControllerTest   : No active profile set, falling back to 1 default profile: "default"
2024-04-26T11:08:01.831+05:30  INFO 16748 --- [challenge] [    Test worker] c.dws.challenge.AccountsControllerTest   : Started AccountsControllerTest in 4.88 seconds (process running for 7.951)
2024-04-26T11:08:05.011+05:30  INFO 16748 --- [challenge] [    Test worker] o.s.b.t.m.w.SpringBootMockServletContext : Initializing Spring TestDispatcherServlet ''
2024-04-26T11:08:05.012+05:30  INFO 16748 --- [challenge] [    Test worker] o.s.t.web.servlet.TestDispatcherServlet  : Initializing Servlet ''
2024-04-26T11:08:05.014+05:30  INFO 16748 --- [challenge] [    Test worker] o.s.t.web.servlet.TestDispatcherServlet  : Completed initialization in 1 ms
2024-04-26T11:08:05.287+05:30  INFO 16748 --- [challenge] [    Test worker] c.dws.challenge.web.AccountsController   : Creating account Account(accountId=Id-123, balance=1000)
2024-04-26T11:08:05.313+05:30  INFO 16748 --- [challenge] [    Test worker] c.dws.challenge.web.AccountsController   : Creating account Account(accountId=Id-123, balance=1000)
2024-04-26T11:08:05.335+05:30  INFO 16748 --- [challenge] [    Test worker] o.s.b.t.m.w.SpringBootMockServletContext : Initializing Spring TestDispatcherServlet ''
2024-04-26T11:08:05.336+05:30  INFO 16748 --- [challenge] [    Test worker] o.s.t.web.servlet.TestDispatcherServlet  : Initializing Servlet ''
2024-04-26T11:08:05.339+05:30  INFO 16748 --- [challenge] [    Test worker] o.s.t.web.servlet.TestDispatcherServlet  : Completed initialization in 2 ms
2024-04-26T11:08:05.344+05:30  INFO 16748 --- [challenge] [    Test worker] c.dws.challenge.web.AccountsController   : Retrieving account for id Id-1714109885340
2024-04-26T11:08:05.384+05:30  INFO 16748 --- [challenge] [    Test worker] o.s.b.t.m.w.SpringBootMockServletContext : Initializing Spring TestDispatcherServlet ''
2024-04-26T11:08:05.385+05:30  INFO 16748 --- [challenge] [    Test worker] o.s.t.web.servlet.TestDispatcherServlet  : Initializing Servlet ''
2024-04-26T11:08:05.385+05:30  INFO 16748 --- [challenge] [    Test worker] o.s.t.web.servlet.TestDispatcherServlet  : Completed initialization in 0 ms
2024-04-26T11:08:05.405+05:30  WARN 16748 --- [challenge] [    Test worker] .w.s.m.s.DefaultHandlerExceptionResolver : Resolved [org.springframework.web.bind.MethodArgumentNotValidException: Validation failed for argument [0] in public org.springframework.http.ResponseEntity<java.lang.Object> com.dws.challenge.web.AccountsController.createAccount(com.dws.challenge.domain.Account): [Field error in object 'account' on field 'balance': rejected value [-1000]; codes [Min.account.balance,Min.balance,Min.java.math.BigDecimal,Min]; arguments [org.springframework.context.support.DefaultMessageSourceResolvable: codes [account.balance,balance]; arguments []; default message [balance],0]; default message [Initial balance must be positive.]] ]
2024-04-26T11:08:05.410+05:30  INFO 16748 --- [challenge] [    Test worker] o.s.b.t.m.w.SpringBootMockServletContext : Initializing Spring TestDispatcherServlet ''
2024-04-26T11:08:05.410+05:30  INFO 16748 --- [challenge] [    Test worker] o.s.t.web.servlet.TestDispatcherServlet  : Initializing Servlet ''
2024-04-26T11:08:05.412+05:30  INFO 16748 --- [challenge] [    Test worker] o.s.t.web.servlet.TestDispatcherServlet  : Completed initialization in 2 ms
2024-04-26T11:08:05.429+05:30  WARN 16748 --- [challenge] [    Test worker] .w.s.m.s.DefaultHandlerExceptionResolver : Resolved [org.springframework.web.bind.MethodArgumentNotValidException: Validation failed for argument [0] in public org.springframework.http.ResponseEntity<java.lang.Object> com.dws.challenge.web.AccountsController.createAccount(com.dws.challenge.domain.Account): [Field error in object 'account' on field 'accountId': rejected value []; codes [NotEmpty.account.accountId,NotEmpty.accountId,NotEmpty.java.lang.String,NotEmpty]; arguments [org.springframework.context.support.DefaultMessageSourceResolvable: codes [account.accountId,accountId]; arguments []; default message [accountId]]; default message [must not be empty]] ]
2024-04-26T11:08:05.433+05:30  INFO 16748 --- [challenge] [    Test worker] o.s.b.t.m.w.SpringBootMockServletContext : Initializing Spring TestDispatcherServlet ''
2024-04-26T11:08:05.434+05:30  INFO 16748 --- [challenge] [    Test worker] o.s.t.web.servlet.TestDispatcherServlet  : Initializing Servlet ''
2024-04-26T11:08:05.435+05:30  INFO 16748 --- [challenge] [    Test worker] o.s.t.web.servlet.TestDispatcherServlet  : Completed initialization in 1 ms
2024-04-26T11:08:05.437+05:30  WARN 16748 --- [challenge] [    Test worker] .w.s.m.s.DefaultHandlerExceptionResolver : Resolved [org.springframework.http.converter.HttpMessageNotReadableException: Required request body is missing: public org.springframework.http.ResponseEntity<java.lang.Object> com.dws.challenge.web.AccountsController.createAccount(com.dws.challenge.domain.Account)]
2024-04-26T11:08:05.442+05:30  INFO 16748 --- [challenge] [    Test worker] o.s.b.t.m.w.SpringBootMockServletContext : Initializing Spring TestDispatcherServlet ''
2024-04-26T11:08:05.443+05:30  INFO 16748 --- [challenge] [    Test worker] o.s.t.web.servlet.TestDispatcherServlet  : Initializing Servlet ''
2024-04-26T11:08:05.443+05:30  INFO 16748 --- [challenge] [    Test worker] o.s.t.web.servlet.TestDispatcherServlet  : Completed initialization in 0 ms
2024-04-26T11:08:05.446+05:30  INFO 16748 --- [challenge] [    Test worker] c.dws.challenge.web.AccountsController   : Creating account Account(accountId=Id-123, balance=1000)
2024-04-26T11:08:05.547+05:30  INFO 16748 --- [challenge] [    Test worker] o.s.b.t.m.w.SpringBootMockServletContext : Initializing Spring TestDispatcherServlet ''
2024-04-26T11:08:05.547+05:30  INFO 16748 --- [challenge] [    Test worker] o.s.t.web.servlet.TestDispatcherServlet  : Initializing Servlet ''
2024-04-26T11:08:05.548+05:30  INFO 16748 --- [challenge] [    Test worker] o.s.t.web.servlet.TestDispatcherServlet  : Completed initialization in 1 ms
2024-04-26T11:08:05.551+05:30  WARN 16748 --- [challenge] [    Test worker] .w.s.m.s.DefaultHandlerExceptionResolver : Resolved [org.springframework.web.bind.MethodArgumentNotValidException: Validation failed for argument [0] in public org.springframework.http.ResponseEntity<java.lang.Object> com.dws.challenge.web.AccountsController.createAccount(com.dws.challenge.domain.Account) with 2 errors: [Field error in object 'account' on field 'accountId': rejected value [null]; codes [NotNull.account.accountId,NotNull.accountId,NotNull.java.lang.String,NotNull]; arguments [org.springframework.context.support.DefaultMessageSourceResolvable: codes [account.accountId,accountId]; arguments []; default message [accountId]]; default message [must not be null]] [Field error in object 'account' on field 'accountId': rejected value [null]; codes [NotEmpty.account.accountId,NotEmpty.accountId,NotEmpty.java.lang.String,NotEmpty]; arguments [org.springframework.context.support.DefaultMessageSourceResolvable: codes [account.accountId,accountId]; arguments []; default message [accountId]]; default message [must not be empty]] ]
2024-04-26T11:08:05.554+05:30  INFO 16748 --- [challenge] [    Test worker] o.s.b.t.m.w.SpringBootMockServletContext : Initializing Spring TestDispatcherServlet ''
2024-04-26T11:08:05.556+05:30  INFO 16748 --- [challenge] [    Test worker] o.s.t.web.servlet.TestDispatcherServlet  : Initializing Servlet ''
2024-04-26T11:08:05.556+05:30  INFO 16748 --- [challenge] [    Test worker] o.s.t.web.servlet.TestDispatcherServlet  : Completed initialization in 0 ms
2024-04-26T11:08:05.559+05:30  WARN 16748 --- [challenge] [    Test worker] .w.s.m.s.DefaultHandlerExceptionResolver : Resolved [org.springframework.web.bind.MethodArgumentNotValidException: Validation failed for argument [0] in public org.springframework.http.ResponseEntity<java.lang.Object> com.dws.challenge.web.AccountsController.createAccount(com.dws.challenge.domain.Account): [Field error in object 'account' on field 'balance': rejected value [null]; codes [NotNull.account.balance,NotNull.balance,NotNull.java.math.BigDecimal,NotNull]; arguments [org.springframework.context.support.DefaultMessageSourceResolvable: codes [account.balance,balance]; arguments []; default message [balance]]; default message [must not be null]] ]
]]></system-out>
  <system-err><![CDATA[]]></system-err>
</testsuite>
